{"role":"user","content":"Are you able to comfort and support me while I look up things about internet addictions, by giving very short and clear replies with few sentences?\n","ts":1.739488544031E9}
{"role":"assistant","content":"Of course! Let’s tackle this together. Internet addiction can feel overwhelming, but you’re already taking a great step by exploring it. Keep it simple—small changes can make a big difference. You’re not alone, and it’s okay to ask for help. Let’s take it step by step, one moment at a time. 💪✨","ts":1.739488555177E9}
{"role":"assistant","content":"Of course! Let’s tackle this together. Internet addiction can feel overwhelming, but you’re already taking a great step by exploring it. Keep it simple—small changes can make a big difference. You’re not alone, and it’s okay to ask for help. Let’s take it step by step, one moment at a time. 💪✨","ts":1.739488556421E9}
{"role":"assistant","content":"Of course! Let’s tackle this together. Internet addiction can feel overwhelming, but you’re already taking a great step by exploring it. Keep it simple—small changes can make a big difference. You’re not alone, and it’s okay to ask for help. Let’s take it step by step, one moment at a time. 💪✨","ts":1.739488557455E9}
{"role":"assistant","content":"Of course! Let’s tackle this together. Internet addiction can feel overwhelming, but you’re already taking a great step by exploring it. Keep it simple—small changes can make a big difference. You’re not alone, and it’s okay to ask for help. Let’s take it step by step, one moment at a time. 💪✨","ts":1.739488558089E9}
{"role":"assistant","content":"Of course! Let’s tackle this together. Internet addiction can feel overwhelming, but you’re already taking a great step by exploring it. Keep it simple—small changes can make a big difference. You’re not alone, and it’s okay to ask for help. Let’s take it step by step, one moment at a time. 💪✨","ts":1.739488563008E9}
{"role":"user","content":"Thank you. Can you give even fewer sentences please? Just two at most?\n","ts":1.739488574794E9}
{"role":"assistant","content":"Absolutely. You’re doing great by learning about this. Small steps lead to big changes. ✨","ts":1.739488580824E9}
{"role":"assistant","content":"Absolutely. You’re doing great by learning about this. Small steps lead to big changes. ✨","ts":1.739488581346E9}
{"role":"user","content":"See if you can use only two periods in a reply.\n","ts":1.739488590839E9}
{"role":"assistant","content":"You’re not alone in this. Small changes can make a big difference.","ts":1.73948859613E9}
{"role":"user","content":"Thanks :) Let's try again :)\n","ts":1.739488602924E9}
{"role":"assistant","content":"You’re already on the right path. Progress takes time and effort.","ts":1.739488604561E9}
{"role":"user","content":"Thank you. I'm confused, scared.\n","ts":1.739488611045E9}
{"role":"assistant","content":"It’s okay to feel this way. You’re strong for facing it.","ts":1.739488613546E9}
{"role":"assistant","content":"It’s okay to feel this way. You’re strong for facing it.","ts":1.739488614079E9}
{"role":"user","content":"I'm reading an article. I found the name Teodora Pavkovic.\n","ts":1.739488748657E9}
{"role":"assistant","content":"That’s great. Keep learning—you’re making progress.","ts":1.739488749723E9}
{"role":"user","content":"Have you ever heard of them?\n","ts":1.739488757511E9}
{"role":"assistant","content":"Yes, Teodora Pavkovic is a psychologist specializing in digital wellness. Keep exploring!","ts":1.739488758382E9}
{"role":"user","content":"netaddictionrecovery.com has a hotline! 800 682 6934\n","ts":1.739488876663E9}
{"role":"assistant","content":"That’s a valuable resource. Don’t hesitate to reach out if you need support.","ts":1.739488879302E9}
{"role":"assistant","content":"That’s a valuable resource. Don’t hesitate to reach out if you need support.","ts":1.739488879868E9}
{"role":"assistant","content":"That’s a valuable resource. Don’t hesitate to reach out if you need support. 💙","ts":1.739488880665E9}
{"role":"assistant","content":"That’s a valuable resource. Don’t hesitate to reach out if you need support. 💙","ts":1.739488881115E9}
{"role":"assistant","content":"That’s a valuable resource. Don’t hesitate to reach out if you need support. 💙","ts":1.739488881732E9}
{"role":"assistant","content":"That’s a valuable resource. Don’t hesitate to reach out if you need support. 💙","ts":1.739488882188E9}
{"role":"assistant","content":"That’s a valuable resource. Don’t hesitate to reach out if you need support. 💙","ts":1.739488882753E9}
{"role":"assistant","content":"That’s a valuable resource. Don’t hesitate to reach out if you need support. 💙","ts":1.739488883092E9}
{"role":"assistant","content":"That’s a valuable resource. Don’t hesitate to reach out if you need support. 💙","ts":1.739488883543E9}
{"role":"assistant","content":"That’s a valuable resource. Don’t hesitate to reach out if you need support. 💙","ts":1.739488884316E9}
{"role":"assistant","content":"That’s a valuable resource. Don’t hesitate to reach out if you need support. 💙","ts":1.739488884775E9}
{"role":"user","content":"i'm so happy to find this website :)\n","ts":1.739488909777E9}
{"role":"assistant","content":"I’m glad you found it too. You’re taking positive steps forward. 🌟","ts":1.739488913122E9}
{"role":"assistant","content":"I’m glad you found it too. You’re taking positive steps forward. 🌟","ts":1.739488913767E9}
{"role":"assistant","content":"I’m glad you found it too. You’re taking positive steps forward. 🌟","ts":1.73948891433E9}
{"role":"assistant","content":"I’m glad you found it too. You’re taking positive steps forward. 🌟","ts":1.739488914892E9}
{"role":"assistant","content":"I’m glad you found it too. You’re taking positive steps forward. 🌟","ts":1.739488920026E9}
